[0.070s] DEBUG:colcon:Command line arguments: ['/usr/bin/colcon', 'build']
[0.070s] DEBUG:colcon:Parsed command line arguments: Namespace(log_base=None, log_level=None, verb_name='build', build_base='build', install_base='install', merge_install=False, symlink_install=False, test_result_base=None, continue_on_error=False, executor='parallel', parallel_workers=22, event_handlers=None, ignore_user_meta=False, metas=['./colcon.meta'], base_paths=['.'], packages_ignore=None, packages_ignore_regex=None, paths=None, packages_up_to=None, packages_up_to_regex=None, packages_above=None, packages_above_and_dependencies=None, packages_above_depth=None, packages_select_by_dep=None, packages_skip_by_dep=None, packages_skip_up_to=None, packages_select_build_failed=False, packages_skip_build_finished=False, packages_select_test_failures=False, packages_skip_test_passed=False, packages_select=None, packages_skip=None, packages_select_regex=None, packages_skip_regex=None, packages_start=None, packages_end=None, allow_overriding=[], cmake_args=None, cmake_target=None, cmake_target_skip_unavailable=False, cmake_clean_cache=False, cmake_clean_first=False, cmake_force_configure=False, ament_cmake_args=None, catkin_cmake_args=None, catkin_skip_building_tests=False, mixin_files=None, mixin=None, verb_parser=<colcon_mixin.mixin.mixin_argument.MixinArgumentDecorator object at 0x7e564cc4aa10>, verb_extension=<colcon_core.verb.build.BuildVerb object at 0x7e564cc4a500>, main=<bound method BuildVerb.main of <colcon_core.verb.build.BuildVerb object at 0x7e564cc4a500>>, mixin_verb=('build',))
[0.149s] Level 1:colcon.colcon_core.package_discovery:discover_packages(colcon_meta) check parameters
[0.149s] Level 1:colcon.colcon_core.package_discovery:discover_packages(recursive) check parameters
[0.149s] Level 1:colcon.colcon_core.package_discovery:discover_packages(ignore) check parameters
[0.149s] Level 1:colcon.colcon_core.package_discovery:discover_packages(path) check parameters
[0.149s] Level 1:colcon.colcon_core.package_discovery:discover_packages(colcon_meta) discover
[0.149s] Level 1:colcon.colcon_core.package_discovery:discover_packages(recursive) discover
[0.149s] INFO:colcon.colcon_core.package_discovery:Crawling recursively for packages in '/home/ponaswin/testWS/src/tb_control'
[0.149s] Level 1:colcon.colcon_core.package_identification:_identify(.) by extensions ['ignore', 'ignore_ament_install']
[0.149s] Level 1:colcon.colcon_core.package_identification:_identify(.) by extension 'ignore'
[0.149s] Level 1:colcon.colcon_core.package_identification:_identify(.) by extension 'ignore_ament_install'
[0.149s] Level 1:colcon.colcon_core.package_identification:_identify(.) by extensions ['colcon_pkg']
[0.149s] Level 1:colcon.colcon_core.package_identification:_identify(.) by extension 'colcon_pkg'
[0.149s] Level 1:colcon.colcon_core.package_identification:_identify(.) by extensions ['colcon_meta']
[0.149s] Level 1:colcon.colcon_core.package_identification:_identify(.) by extension 'colcon_meta'
[0.149s] Level 1:colcon.colcon_core.package_identification:_identify(.) by extensions ['ros']
[0.149s] Level 1:colcon.colcon_core.package_identification:_identify(.) by extension 'ros'
[0.157s] DEBUG:colcon.colcon_core.package_identification:Package '.' with type 'ros.ament_python' and name 'tb_control'
[0.157s] Level 1:colcon.colcon_core.package_discovery:discover_packages(recursive) using defaults
[0.157s] Level 1:colcon.colcon_core.package_discovery:discover_packages(ignore) discover
[0.157s] Level 1:colcon.colcon_core.package_discovery:discover_packages(ignore) using defaults
[0.157s] Level 1:colcon.colcon_core.package_discovery:discover_packages(path) discover
[0.157s] Level 1:colcon.colcon_core.package_discovery:discover_packages(path) using defaults
[0.168s] Level 1:colcon.colcon_core.package_discovery:discover_packages(prefix_path) check parameters
[0.168s] Level 1:colcon.colcon_core.package_discovery:discover_packages(prefix_path) discover
[0.169s] DEBUG:colcon.colcon_installed_package_information.package_discovery:Found 18 installed packages in /home/ponaswin/testWS/install
[0.170s] DEBUG:colcon.colcon_installed_package_information.package_discovery:Found 18 installed packages in /home/ponaswin/testWS/src/install
[0.171s] DEBUG:colcon.colcon_installed_package_information.package_discovery:Found 323 installed packages in /opt/ros/humble
[0.178s] Level 1:colcon.colcon_core.package_discovery:discover_packages(prefix_path) using defaults
[0.199s] Level 5:colcon.colcon_core.verb:set package 'tb_control' build argument 'cmake_args' from command line to 'None'
[0.199s] Level 5:colcon.colcon_core.verb:set package 'tb_control' build argument 'cmake_target' from command line to 'None'
[0.199s] Level 5:colcon.colcon_core.verb:set package 'tb_control' build argument 'cmake_target_skip_unavailable' from command line to 'False'
[0.199s] Level 5:colcon.colcon_core.verb:set package 'tb_control' build argument 'cmake_clean_cache' from command line to 'False'
[0.199s] Level 5:colcon.colcon_core.verb:set package 'tb_control' build argument 'cmake_clean_first' from command line to 'False'
[0.199s] Level 5:colcon.colcon_core.verb:set package 'tb_control' build argument 'cmake_force_configure' from command line to 'False'
[0.199s] Level 5:colcon.colcon_core.verb:set package 'tb_control' build argument 'ament_cmake_args' from command line to 'None'
[0.199s] Level 5:colcon.colcon_core.verb:set package 'tb_control' build argument 'catkin_cmake_args' from command line to 'None'
[0.199s] Level 5:colcon.colcon_core.verb:set package 'tb_control' build argument 'catkin_skip_building_tests' from command line to 'False'
[0.199s] DEBUG:colcon.colcon_core.verb:Building package 'tb_control' with the following arguments: {'ament_cmake_args': None, 'build_base': '/home/ponaswin/testWS/src/tb_control/build/tb_control', 'catkin_cmake_args': None, 'catkin_skip_building_tests': False, 'cmake_args': None, 'cmake_clean_cache': False, 'cmake_clean_first': False, 'cmake_force_configure': False, 'cmake_target': None, 'cmake_target_skip_unavailable': False, 'install_base': '/home/ponaswin/testWS/src/tb_control/install/tb_control', 'merge_install': False, 'path': '/home/ponaswin/testWS/src/tb_control', 'symlink_install': False, 'test_result_base': None}
[0.199s] INFO:colcon.colcon_core.executor:Executing jobs using 'parallel' executor
[0.200s] DEBUG:colcon.colcon_parallel_executor.executor.parallel:run_until_complete
[0.200s] INFO:colcon.colcon_ros.task.ament_python.build:Building ROS package in '/home/ponaswin/testWS/src/tb_control' with build type 'ament_python'
[0.200s] Level 1:colcon.colcon_core.shell:create_environment_hook('tb_control', 'ament_prefix_path')
[0.202s] INFO:colcon.colcon_core.plugin_system:Skipping extension 'colcon_core.shell.bat': Not used on non-Windows systems
[0.202s] INFO:colcon.colcon_core.shell:Creating environment hook '/home/ponaswin/testWS/src/tb_control/install/tb_control/share/tb_control/hook/ament_prefix_path.ps1'
[0.202s] INFO:colcon.colcon_core.shell:Creating environment descriptor '/home/ponaswin/testWS/src/tb_control/install/tb_control/share/tb_control/hook/ament_prefix_path.dsv'
[0.203s] INFO:colcon.colcon_core.shell:Creating environment hook '/home/ponaswin/testWS/src/tb_control/install/tb_control/share/tb_control/hook/ament_prefix_path.sh'
[0.203s] INFO:colcon.colcon_core.shell:Skip shell extension 'powershell' for command environment: Not usable outside of PowerShell
[0.203s] DEBUG:colcon.colcon_core.shell:Skip shell extension 'dsv' for command environment
[0.349s] INFO:colcon.colcon_core.task.python.build:Building Python package in '/home/ponaswin/testWS/src/tb_control'
[0.350s] INFO:colcon.colcon_core.shell:Skip shell extension 'powershell' for command environment: Not usable outside of PowerShell
[0.350s] DEBUG:colcon.colcon_core.shell:Skip shell extension 'dsv' for command environment
[0.533s] DEBUG:colcon.colcon_core.event_handler.log_command:Invoking command in '/home/ponaswin/testWS/src/tb_control': PYTHONPATH=/home/ponaswin/testWS/src/tb_control/build/tb_control/prefix_override:/usr/lib/python3/dist-packages/colcon_core/task/python/colcon_distutils_commands:/home/ponaswin/testWS/src/tb_control/install/tb_control/lib/python3.10/site-packages:${PYTHONPATH} /usr/bin/python3 -W ignore:setup.py install is deprecated setup.py egg_info --egg-base build/tb_control build --build-base /home/ponaswin/testWS/src/tb_control/build/tb_control/build install --record /home/ponaswin/testWS/src/tb_control/build/tb_control/install.log --single-version-externally-managed install_data
[0.776s] DEBUG:colcon.colcon_core.event_handler.log_command:Invoked command in '/home/ponaswin/testWS/src/tb_control' returned '0': PYTHONPATH=/home/ponaswin/testWS/src/tb_control/build/tb_control/prefix_override:/usr/lib/python3/dist-packages/colcon_core/task/python/colcon_distutils_commands:/home/ponaswin/testWS/src/tb_control/install/tb_control/lib/python3.10/site-packages:${PYTHONPATH} /usr/bin/python3 -W ignore:setup.py install is deprecated setup.py egg_info --egg-base build/tb_control build --build-base /home/ponaswin/testWS/src/tb_control/build/tb_control/build install --record /home/ponaswin/testWS/src/tb_control/build/tb_control/install.log --single-version-externally-managed install_data
[0.780s] Level 1:colcon.colcon_core.environment:checking '/home/ponaswin/testWS/src/tb_control/install/tb_control' for CMake module files
[0.780s] Level 1:colcon.colcon_core.environment:checking '/home/ponaswin/testWS/src/tb_control/install/tb_control' for CMake config files
[0.781s] Level 1:colcon.colcon_core.environment:checking '/home/ponaswin/testWS/src/tb_control/install/tb_control/lib'
[0.781s] Level 1:colcon.colcon_core.environment:checking '/home/ponaswin/testWS/src/tb_control/install/tb_control/bin'
[0.781s] Level 1:colcon.colcon_core.environment:checking '/home/ponaswin/testWS/src/tb_control/install/tb_control/lib/pkgconfig/tb_control.pc'
[0.782s] Level 1:colcon.colcon_core.environment:checking '/home/ponaswin/testWS/src/tb_control/install/tb_control/lib/python3.10/site-packages'
[0.782s] Level 1:colcon.colcon_core.shell:create_environment_hook('tb_control', 'pythonpath')
[0.782s] INFO:colcon.colcon_core.shell:Creating environment hook '/home/ponaswin/testWS/src/tb_control/install/tb_control/share/tb_control/hook/pythonpath.ps1'
[0.783s] INFO:colcon.colcon_core.shell:Creating environment descriptor '/home/ponaswin/testWS/src/tb_control/install/tb_control/share/tb_control/hook/pythonpath.dsv'
[0.783s] INFO:colcon.colcon_core.shell:Creating environment hook '/home/ponaswin/testWS/src/tb_control/install/tb_control/share/tb_control/hook/pythonpath.sh'
[0.784s] Level 1:colcon.colcon_core.environment:checking '/home/ponaswin/testWS/src/tb_control/install/tb_control/bin'
[0.784s] Level 1:colcon.colcon_core.environment:create_environment_scripts_only(tb_control)
[0.784s] INFO:colcon.colcon_core.shell:Creating package script '/home/ponaswin/testWS/src/tb_control/install/tb_control/share/tb_control/package.ps1'
[0.785s] INFO:colcon.colcon_core.shell:Creating package descriptor '/home/ponaswin/testWS/src/tb_control/install/tb_control/share/tb_control/package.dsv'
[0.786s] INFO:colcon.colcon_core.shell:Creating package script '/home/ponaswin/testWS/src/tb_control/install/tb_control/share/tb_control/package.sh'
[0.787s] INFO:colcon.colcon_core.shell:Creating package script '/home/ponaswin/testWS/src/tb_control/install/tb_control/share/tb_control/package.bash'
[0.787s] INFO:colcon.colcon_core.shell:Creating package script '/home/ponaswin/testWS/src/tb_control/install/tb_control/share/tb_control/package.zsh'
[0.788s] Level 1:colcon.colcon_core.environment:create_file_with_runtime_dependencies(/home/ponaswin/testWS/src/tb_control/install/tb_control/share/colcon-core/packages/tb_control)
[0.788s] DEBUG:colcon.colcon_parallel_executor.executor.parallel:closing loop
[0.789s] DEBUG:colcon.colcon_parallel_executor.executor.parallel:loop closed
[0.789s] DEBUG:colcon.colcon_parallel_executor.executor.parallel:run_until_complete finished with '0'
[0.789s] DEBUG:colcon.colcon_core.event_reactor:joining thread
[0.796s] INFO:colcon.colcon_core.plugin_system:Skipping extension 'colcon_notification.desktop_notification.terminal_notifier': Not used on non-Darwin systems
[0.796s] INFO:colcon.colcon_core.plugin_system:Skipping extension 'colcon_notification.desktop_notification.win32': Not used on non-Windows systems
[0.796s] INFO:colcon.colcon_notification.desktop_notification:Sending desktop notification using 'notify2'
[0.825s] DEBUG:colcon.colcon_core.event_reactor:joined thread
[0.826s] INFO:colcon.colcon_core.shell:Creating prefix script '/home/ponaswin/testWS/src/tb_control/install/local_setup.ps1'
[0.827s] INFO:colcon.colcon_core.shell:Creating prefix util module '/home/ponaswin/testWS/src/tb_control/install/_local_setup_util_ps1.py'
[0.829s] INFO:colcon.colcon_core.shell:Creating prefix chain script '/home/ponaswin/testWS/src/tb_control/install/setup.ps1'
[0.832s] INFO:colcon.colcon_core.shell:Creating prefix script '/home/ponaswin/testWS/src/tb_control/install/local_setup.sh'
[0.832s] INFO:colcon.colcon_core.shell:Creating prefix util module '/home/ponaswin/testWS/src/tb_control/install/_local_setup_util_sh.py'
[0.833s] INFO:colcon.colcon_core.shell:Creating prefix chain script '/home/ponaswin/testWS/src/tb_control/install/setup.sh'
[0.835s] INFO:colcon.colcon_core.shell:Creating prefix script '/home/ponaswin/testWS/src/tb_control/install/local_setup.bash'
[0.836s] INFO:colcon.colcon_core.shell:Creating prefix chain script '/home/ponaswin/testWS/src/tb_control/install/setup.bash'
[0.838s] INFO:colcon.colcon_core.shell:Creating prefix script '/home/ponaswin/testWS/src/tb_control/install/local_setup.zsh'
[0.838s] INFO:colcon.colcon_core.shell:Creating prefix chain script '/home/ponaswin/testWS/src/tb_control/install/setup.zsh'
